<?xml version="1.0" encoding="utf-8"?><testsuites><testsuite name="pytest" errors="0" failures="0" skipped="0" tests="5" time="0.635" timestamp="2025-05-23T06:44:58.107615-07:00" hostname="igors-Mac-mini.local"><testcase classname="tests.fast.test_example" name="test_true" time="0.000" /><testcase classname="tests.test_think_core" name="test_sanitize_filename" time="0.000" /><testcase classname="tests.test_think_core" name="test_get_categories_and_description" time="0.000" /><testcase classname="tests.test_think_core" name="test_github_url_format" time="0.195" /><testcase classname="tests.test_think_core" name="test_analysis_body_generation" time="0.001" /></testsuite></testsuites>