<?xml version="1.0" encoding="utf-8"?><testsuites><testsuite name="pytest" errors="0" failures="0" skipped="0" tests="28" time="1.720" timestamp="2025-07-20T12:58:31.933450-07:00" hostname="ig-mba"><testcase classname="tests.e2e.test_kimi_e2e" name="test_kimi_model_registration" time="0.000" /><testcase classname="tests.e2e.test_kimi_e2e" name="test_kimi_langchain_integration" time="0.026" /><testcase classname="tests.fast.test_example" name="test_true" time="0.000" /><testcase classname="tests.test_blog_managers" name="test_blog_content_manager_lists_and_loads" time="0.001" /><testcase classname="tests.test_blog_managers" name="test_vector_db_manager_create_and_save" time="0.024" /><testcase classname="tests.test_ell_helper" name="test_get_ell_model_kimi" time="0.000" /><testcase classname="tests.test_ell_helper" name="test_get_ell_model_default_priority" time="0.000" /><testcase classname="tests.test_ell_helper" name="test_get_ell_model_kimi_vs_other_models" time="0.000" /><testcase classname="tests.test_ell_helper" name="test_get_ell_model_exclusive_selection" time="0.000" /><testcase classname="tests.test_ell_helper" name="test_get_ell_model_kimi_defaults_false" time="0.000" /><testcase classname="tests.test_faiss_loads" name="test_faiss_loads" time="0.058" /><testcase classname="tests.test_langchain_helper" name="test_get_model_name_basic" time="0.000" /><testcase classname="tests.test_langchain_helper" name="test_get_model_name_removes_models_prefix" time="0.000" /><testcase classname="tests.test_langchain_helper" name="test_get_model_name_google_thinking_low" time="0.000" /><testcase classname="tests.test_langchain_helper" name="test_get_model_name_google_thinking_medium" time="0.000" /><testcase classname="tests.test_langchain_helper" name="test_get_model_name_google_thinking_high" time="0.000" /><testcase classname="tests.test_langchain_helper" name="test_get_model_name_google_thinking_custom_budget" time="0.000" /><testcase classname="tests.test_langchain_helper" name="test_get_model_name_no_thinking_config" time="0.000" /><testcase classname="tests.test_langchain_helper" name="test_get_model_name_no_model_kwargs" time="0.000" /><testcase classname="tests.test_langchain_helper" name="test_get_model_name_empty_model_kwargs" time="0.000" /><testcase classname="tests.test_langchain_helper" name="test_get_model_name_google_thinking_custom_attribute" time="0.000" /><testcase classname="tests.test_langchain_helper" name="test_get_model_name_no_thinking_level_attribute" time="0.000" /><testcase classname="tests.test_langchain_helper" name="test_get_model_name_integration_with_real_models" time="0.508" /><testcase classname="tests.test_langchain_helper" name="test_get_models_with_kimi" time="0.195" /><testcase classname="tests.test_think_core" name="test_sanitize_filename" time="0.000" /><testcase classname="tests.test_think_core" name="test_get_categories_and_description" time="0.000" /><testcase classname="tests.test_think_core" name="test_github_url_format" time="0.025" /><testcase classname="tests.test_think_core" name="test_analysis_body_generation" time="0.001" /></testsuite></testsuites>